<?xml version="1.0" encoding="utf-8"?><testsuites name="pytest tests"><testsuite name="pytest" errors="0" failures="0" skipped="0" tests="14" time="10.210" timestamp="2026-02-16T12:31:19.283208+00:00" hostname="agent-env-d81c1146-1d8c-4cc9-8842-b98797fd3ad9"><testcase classname="test_reports_api.TestReportsAPI" name="test_get_reports_stats" time="0.185" /><testcase classname="test_reports_api.TestReportsAPI" name="test_get_reports_all" time="0.154" /><testcase classname="test_reports_api.TestReportsAPI" name="test_get_reports_with_limit" time="0.156" /><testcase classname="test_reports_api.TestReportsAPI" name="test_post_single_report" time="0.267" /><testcase classname="test_reports_api.TestReportsAPI" name="test_post_bulk_reports" time="0.133" /><testcase classname="test_reports_api.TestReportsAPI" name="test_get_reports_filter_today" time="0.114" /><testcase classname="test_reports_api.TestReportsAPI" name="test_get_reports_filter_week" time="0.158" /><testcase classname="test_reports_api.TestReportsAPI" name="test_get_reports_filter_month" time="0.205" /><testcase classname="test_reports_api.TestReportsAPI" name="test_get_reports_filter_by_profile" time="0.117" /><testcase classname="test_reports_api.TestReportsAPI" name="test_get_reports_filter_by_sheet" time="0.146" /><testcase classname="test_reports_api.TestReportsAPI" name="test_delete_reports" time="0.214" /><testcase classname="test_reports_api.TestReportsAPI" name="test_recreate_seed_data_after_delete" time="0.217" /><testcase classname="test_reports_api.TestRootAndConfig" name="test_root_endpoint" time="0.136" /><testcase classname="test_reports_api.TestRootAndConfig" name="test_config_endpoint" time="7.771" /></testsuite></testsuites>