<?xml version="1.0" encoding="utf-8"?><testsuites name="pytest tests"><testsuite name="pytest" errors="0" failures="0" skipped="0" tests="22" time="7.064" timestamp="2026-02-19T15:24:11.602437+00:00" hostname="agent-env-343785d7-1d8a-4c61-919e-2963aafd8311"><testcase classname="backend.tests.test_iteration5.TestRootAPI" name="test_root_returns_message" time="0.471" /><testcase classname="backend.tests.test_iteration5.TestBillingPlans" name="test_get_plans_returns_three_plans" time="0.128" /><testcase classname="backend.tests.test_iteration5.TestBillingPlans" name="test_free_plan_has_correct_price" time="0.163" /><testcase classname="backend.tests.test_iteration5.TestBillingPlans" name="test_pro_plan_has_correct_price" time="0.155" /><testcase classname="backend.tests.test_iteration5.TestBillingPlans" name="test_enterprise_plan_has_correct_price" time="0.111" /><testcase classname="backend.tests.test_iteration5.TestBillingCheckout" name="test_checkout_pro_plan_returns_url" time="0.615" /><testcase classname="backend.tests.test_iteration5.TestBillingCheckout" name="test_checkout_enterprise_plan_returns_url" time="0.976" /><testcase classname="backend.tests.test_iteration5.TestBillingCheckout" name="test_checkout_free_plan_rejected" time="0.119" /><testcase classname="backend.tests.test_iteration5.TestBillingCheckout" name="test_checkout_invalid_plan_rejected" time="0.115" /><testcase classname="backend.tests.test_iteration5.TestEmailNotifications" name="test_subscribe_email" time="0.140" /><testcase classname="backend.tests.test_iteration5.TestEmailNotifications" name="test_subscribe_weekly_frequency" time="0.153" /><testcase classname="backend.tests.test_iteration5.TestEmailNotifications" name="test_get_subscriptions_returns_list" time="0.163" /><testcase classname="backend.tests.test_iteration5.TestEmailNotifications" name="test_unsubscribe_removes_email" time="0.390" /><testcase classname="backend.tests.test_iteration5.TestAuthEndpoints" name="test_register_creates_user" time="0.443" /><testcase classname="backend.tests.test_iteration5.TestAuthEndpoints" name="test_register_duplicate_email_rejected" time="0.527" /><testcase classname="backend.tests.test_iteration5.TestAuthEndpoints" name="test_login_with_credentials" time="0.743" /><testcase classname="backend.tests.test_iteration5.TestAuthEndpoints" name="test_login_wrong_password_rejected" time="0.789" /><testcase classname="backend.tests.test_iteration5.TestAuthEndpoints" name="test_login_nonexistent_email_rejected" time="0.134" /><testcase classname="backend.tests.test_iteration5.TestReportsAPI" name="test_get_reports_stats" time="0.171" /><testcase classname="backend.tests.test_iteration5.TestReportsAPI" name="test_get_reports_with_pagination" time="0.141" /><testcase classname="backend.tests.test_iteration5.TestReportsAPI" name="test_get_reports_filter_today" time="0.179" /><testcase classname="backend.tests.test_iteration5.TestReportsAPI" name="test_create_single_report" time="0.153" /></testsuite></testsuites>