<?xml version="1.0" encoding="utf-8"?><testsuites name="pytest tests"><testsuite name="pytest" errors="0" failures="0" skipped="0" tests="25" time="5.626" timestamp="2026-02-19T14:47:23.198809+00:00" hostname="agent-env-343785d7-1d8a-4c61-919e-2963aafd8311"><testcase classname="backend.tests.test_auth_api.TestAuthAPI" name="test_register_new_user" time="0.450" /><testcase classname="backend.tests.test_auth_api.TestAuthAPI" name="test_register_duplicate_email" time="0.116" /><testcase classname="backend.tests.test_auth_api.TestAuthAPI" name="test_login_success" time="0.437" /><testcase classname="backend.tests.test_auth_api.TestAuthAPI" name="test_login_invalid_password" time="0.342" /><testcase classname="backend.tests.test_auth_api.TestAuthAPI" name="test_login_nonexistent_email" time="0.126" /><testcase classname="backend.tests.test_auth_api.TestAuthAPI" name="test_get_current_user_with_token" time="0.113" /><testcase classname="backend.tests.test_auth_api.TestAuthAPI" name="test_get_current_user_no_token" time="0.119" /><testcase classname="backend.tests.test_auth_api.TestAuthAPI" name="test_get_current_user_invalid_token" time="0.123" /><testcase classname="backend.tests.test_auth_api.TestRegisterWithTeam" name="test_register_with_team" time="0.339" /><testcase classname="backend.tests.test_auth_api.TestRootAndConfigEndpoints" name="test_api_root" time="0.147" /><testcase classname="backend.tests.test_auth_api.TestRootAndConfigEndpoints" name="test_reports_stats" time="0.171" /><testcase classname="backend.tests.test_reports_api.TestReportsAPI" name="test_get_reports_stats" time="0.176" /><testcase classname="backend.tests.test_reports_api.TestReportsAPI" name="test_get_reports_all" time="0.174" /><testcase classname="backend.tests.test_reports_api.TestReportsAPI" name="test_get_reports_with_limit" time="0.150" /><testcase classname="backend.tests.test_reports_api.TestReportsAPI" name="test_post_single_report" time="0.204" /><testcase classname="backend.tests.test_reports_api.TestReportsAPI" name="test_post_bulk_reports" time="0.143" /><testcase classname="backend.tests.test_reports_api.TestReportsAPI" name="test_get_reports_filter_today" time="0.144" /><testcase classname="backend.tests.test_reports_api.TestReportsAPI" name="test_get_reports_filter_week" time="0.192" /><testcase classname="backend.tests.test_reports_api.TestReportsAPI" name="test_get_reports_filter_month" time="0.243" /><testcase classname="backend.tests.test_reports_api.TestReportsAPI" name="test_get_reports_filter_by_profile" time="0.143" /><testcase classname="backend.tests.test_reports_api.TestReportsAPI" name="test_get_reports_filter_by_sheet" time="0.600" /><testcase classname="backend.tests.test_reports_api.TestReportsAPI" name="test_delete_reports" time="0.435" /><testcase classname="backend.tests.test_reports_api.TestReportsAPI" name="test_recreate_seed_data_after_delete" time="0.186" /><testcase classname="backend.tests.test_reports_api.TestRootAndConfig" name="test_root_endpoint" time="0.140" /><testcase classname="backend.tests.test_reports_api.TestRootAndConfig" name="test_config_endpoint" time="0.117" /></testsuite></testsuites>