<?xml version="1.0" encoding="utf-8"?><testsuites name="pytest tests"><testsuite name="pytest" errors="0" failures="0" skipped="0" tests="25" time="4.788" timestamp="2026-02-19T15:04:34.181916+00:00" hostname="agent-env-343785d7-1d8a-4c61-919e-2963aafd8311"><testcase classname="backend.tests.test_auth_api.TestAuthAPI" name="test_register_new_user" time="0.389" /><testcase classname="backend.tests.test_auth_api.TestAuthAPI" name="test_register_duplicate_email" time="0.129" /><testcase classname="backend.tests.test_auth_api.TestAuthAPI" name="test_login_success" time="0.402" /><testcase classname="backend.tests.test_auth_api.TestAuthAPI" name="test_login_invalid_password" time="0.338" /><testcase classname="backend.tests.test_auth_api.TestAuthAPI" name="test_login_nonexistent_email" time="0.157" /><testcase classname="backend.tests.test_auth_api.TestAuthAPI" name="test_get_current_user_with_token" time="0.123" /><testcase classname="backend.tests.test_auth_api.TestAuthAPI" name="test_get_current_user_no_token" time="0.172" /><testcase classname="backend.tests.test_auth_api.TestAuthAPI" name="test_get_current_user_invalid_token" time="0.146" /><testcase classname="backend.tests.test_auth_api.TestRegisterWithTeam" name="test_register_with_team" time="0.368" /><testcase classname="backend.tests.test_auth_api.TestRootAndConfigEndpoints" name="test_api_root" time="0.118" /><testcase classname="backend.tests.test_auth_api.TestRootAndConfigEndpoints" name="test_reports_stats" time="0.144" /><testcase classname="backend.tests.test_reports_api.TestReportsAPI" name="test_get_reports_stats" time="0.178" /><testcase classname="backend.tests.test_reports_api.TestReportsAPI" name="test_get_reports_all" time="0.142" /><testcase classname="backend.tests.test_reports_api.TestReportsAPI" name="test_get_reports_with_limit" time="0.106" /><testcase classname="backend.tests.test_reports_api.TestReportsAPI" name="test_post_single_report" time="0.213" /><testcase classname="backend.tests.test_reports_api.TestReportsAPI" name="test_post_bulk_reports" time="0.143" /><testcase classname="backend.tests.test_reports_api.TestReportsAPI" name="test_get_reports_filter_today" time="0.159" /><testcase classname="backend.tests.test_reports_api.TestReportsAPI" name="test_get_reports_filter_week" time="0.164" /><testcase classname="backend.tests.test_reports_api.TestReportsAPI" name="test_get_reports_filter_month" time="0.218" /><testcase classname="backend.tests.test_reports_api.TestReportsAPI" name="test_get_reports_filter_by_profile" time="0.134" /><testcase classname="backend.tests.test_reports_api.TestReportsAPI" name="test_get_reports_filter_by_sheet" time="0.130" /><testcase classname="backend.tests.test_reports_api.TestReportsAPI" name="test_delete_reports" time="0.247" /><testcase classname="backend.tests.test_reports_api.TestReportsAPI" name="test_recreate_seed_data_after_delete" time="0.116" /><testcase classname="backend.tests.test_reports_api.TestRootAndConfig" name="test_root_endpoint" time="0.153" /><testcase classname="backend.tests.test_reports_api.TestRootAndConfig" name="test_config_endpoint" time="0.123" /></testsuite></testsuites>